0 info it worked if it ends with ok
1 verbose cli [ 'C:\\Program Files\\nodejs\\node.exe',
1 verbose cli   'C:\\Program Files\\nodejs\\node_modules\\npm\\bin\\npm-cli.js',
1 verbose cli   'install' ]
2 info using npm@2.14.7
3 info using node@v4.2.1
4 verbose readDependencies loading dependencies from D:\angular2\ng2-taste\package.json
5 verbose install where, deps [ 'D:\\angular2\\ng2-taste',
5 verbose install   [ 'angular2',
5 verbose install     'systemjs',
5 verbose install     'es6-promise',
5 verbose install     'es6-shim',
5 verbose install     'reflect-metadata',
5 verbose install     'rxjs',
5 verbose install     'zone.js',
5 verbose install     'concurrently',
5 verbose install     'lite-server',
5 verbose install     'typescript' ] ]
6 verbose install where, peers [ 'D:\\angular2\\ng2-taste', [] ]
7 verbose installManyTop reading for lifecycle D:\angular2\ng2-taste\package.json
8 info preinstall ng2-taste@1.0.0
9 verbose readDependencies loading dependencies from D:\angular2\ng2-taste\package.json
10 silly cache add args [ 'es6-promise@^3.0.2', null ]
11 verbose cache add spec es6-promise@^3.0.2
12 silly cache add parsed spec Result {
12 silly cache add   raw: 'es6-promise@^3.0.2',
12 silly cache add   scope: null,
12 silly cache add   name: 'es6-promise',
12 silly cache add   rawSpec: '^3.0.2',
12 silly cache add   spec: '>=3.0.2 <4.0.0',
12 silly cache add   type: 'range' }
13 silly addNamed es6-promise@>=3.0.2 <4.0.0
14 verbose addNamed ">=3.0.2 <4.0.0" is a valid semver range for es6-promise
15 silly addNameRange { name: 'es6-promise', range: '>=3.0.2 <4.0.0', hasData: false }
16 silly mapToRegistry name es6-promise
17 silly mapToRegistry using default registry
18 silly mapToRegistry registry https://registry.npmjs.org/
19 silly mapToRegistry uri https://registry.npmjs.org/es6-promise
20 verbose addNameRange registry:https://registry.npmjs.org/es6-promise not in flight; fetching
21 silly cache add args [ 'es6-shim@^0.33.3', null ]
22 verbose cache add spec es6-shim@^0.33.3
23 silly cache add parsed spec Result {
23 silly cache add   raw: 'es6-shim@^0.33.3',
23 silly cache add   scope: null,
23 silly cache add   name: 'es6-shim',
23 silly cache add   rawSpec: '^0.33.3',
23 silly cache add   spec: '>=0.33.3 <0.34.0',
23 silly cache add   type: 'range' }
24 silly addNamed es6-shim@>=0.33.3 <0.34.0
25 verbose addNamed ">=0.33.3 <0.34.0" is a valid semver range for es6-shim
26 silly addNameRange { name: 'es6-shim', range: '>=0.33.3 <0.34.0', hasData: false }
27 silly mapToRegistry name es6-shim
28 silly mapToRegistry using default registry
29 silly mapToRegistry registry https://registry.npmjs.org/
30 silly mapToRegistry uri https://registry.npmjs.org/es6-shim
31 verbose addNameRange registry:https://registry.npmjs.org/es6-shim not in flight; fetching
32 silly cache add args [ 'reflect-metadata@0.1.2', null ]
33 verbose cache add spec reflect-metadata@0.1.2
34 silly cache add parsed spec Result {
34 silly cache add   raw: 'reflect-metadata@0.1.2',
34 silly cache add   scope: null,
34 silly cache add   name: 'reflect-metadata',
34 silly cache add   rawSpec: '0.1.2',
34 silly cache add   spec: '0.1.2',
34 silly cache add   type: 'version' }
35 silly addNamed reflect-metadata@0.1.2
36 verbose addNamed "0.1.2" is a plain semver version for reflect-metadata
37 silly mapToRegistry name reflect-metadata
38 silly mapToRegistry using default registry
39 silly mapToRegistry registry https://registry.npmjs.org/
40 silly mapToRegistry uri https://registry.npmjs.org/reflect-metadata
41 verbose addNameVersion registry:https://registry.npmjs.org/reflect-metadata not in flight; fetching
42 silly cache add args [ 'rxjs@5.0.0-beta.0', null ]
43 verbose cache add spec rxjs@5.0.0-beta.0
44 silly cache add parsed spec Result {
44 silly cache add   raw: 'rxjs@5.0.0-beta.0',
44 silly cache add   scope: null,
44 silly cache add   name: 'rxjs',
44 silly cache add   rawSpec: '5.0.0-beta.0',
44 silly cache add   spec: '5.0.0-beta.0',
44 silly cache add   type: 'version' }
45 silly addNamed rxjs@5.0.0-beta.0
46 verbose addNamed "5.0.0-beta.0" is a plain semver version for rxjs
47 silly mapToRegistry name rxjs
48 silly mapToRegistry using default registry
49 silly mapToRegistry registry https://registry.npmjs.org/
50 silly mapToRegistry uri https://registry.npmjs.org/rxjs
51 verbose addNameVersion registry:https://registry.npmjs.org/rxjs not in flight; fetching
52 silly cache add args [ 'zone.js@0.5.10', null ]
53 verbose cache add spec zone.js@0.5.10
54 silly cache add parsed spec Result {
54 silly cache add   raw: 'zone.js@0.5.10',
54 silly cache add   scope: null,
54 silly cache add   name: 'zone.js',
54 silly cache add   rawSpec: '0.5.10',
54 silly cache add   spec: '0.5.10',
54 silly cache add   type: 'version' }
55 silly addNamed zone.js@0.5.10
56 verbose addNamed "0.5.10" is a plain semver version for zone.js
57 silly mapToRegistry name zone.js
58 silly mapToRegistry using default registry
59 silly mapToRegistry registry https://registry.npmjs.org/
60 silly mapToRegistry uri https://registry.npmjs.org/zone.js
61 verbose addNameVersion registry:https://registry.npmjs.org/zone.js not in flight; fetching
62 silly cache add args [ 'concurrently@^1.0.0', null ]
63 verbose cache add spec concurrently@^1.0.0
64 silly cache add parsed spec Result {
64 silly cache add   raw: 'concurrently@^1.0.0',
64 silly cache add   scope: null,
64 silly cache add   name: 'concurrently',
64 silly cache add   rawSpec: '^1.0.0',
64 silly cache add   spec: '>=1.0.0 <2.0.0',
64 silly cache add   type: 'range' }
65 silly addNamed concurrently@>=1.0.0 <2.0.0
66 verbose addNamed ">=1.0.0 <2.0.0" is a valid semver range for concurrently
67 silly addNameRange { name: 'concurrently', range: '>=1.0.0 <2.0.0', hasData: false }
68 silly mapToRegistry name concurrently
69 silly mapToRegistry using default registry
70 silly mapToRegistry registry https://registry.npmjs.org/
71 silly mapToRegistry uri https://registry.npmjs.org/concurrently
72 verbose addNameRange registry:https://registry.npmjs.org/concurrently not in flight; fetching
73 silly cache add args [ 'lite-server@^1.3.1', null ]
74 verbose cache add spec lite-server@^1.3.1
75 silly cache add parsed spec Result {
75 silly cache add   raw: 'lite-server@^1.3.1',
75 silly cache add   scope: null,
75 silly cache add   name: 'lite-server',
75 silly cache add   rawSpec: '^1.3.1',
75 silly cache add   spec: '>=1.3.1 <2.0.0',
75 silly cache add   type: 'range' }
76 silly addNamed lite-server@>=1.3.1 <2.0.0
77 verbose addNamed ">=1.3.1 <2.0.0" is a valid semver range for lite-server
78 silly addNameRange { name: 'lite-server', range: '>=1.3.1 <2.0.0', hasData: false }
79 silly mapToRegistry name lite-server
80 silly mapToRegistry using default registry
81 silly mapToRegistry registry https://registry.npmjs.org/
82 silly mapToRegistry uri https://registry.npmjs.org/lite-server
83 verbose addNameRange registry:https://registry.npmjs.org/lite-server not in flight; fetching
84 silly cache add args [ 'typescript@^1.7.3', null ]
85 verbose cache add spec typescript@^1.7.3
86 silly cache add parsed spec Result {
86 silly cache add   raw: 'typescript@^1.7.3',
86 silly cache add   scope: null,
86 silly cache add   name: 'typescript',
86 silly cache add   rawSpec: '^1.7.3',
86 silly cache add   spec: '>=1.7.3 <2.0.0',
86 silly cache add   type: 'range' }
87 silly addNamed typescript@>=1.7.3 <2.0.0
88 verbose addNamed ">=1.7.3 <2.0.0" is a valid semver range for typescript
89 silly addNameRange { name: 'typescript', range: '>=1.7.3 <2.0.0', hasData: false }
90 silly mapToRegistry name typescript
91 silly mapToRegistry using default registry
92 silly mapToRegistry registry https://registry.npmjs.org/
93 silly mapToRegistry uri https://registry.npmjs.org/typescript
94 verbose addNameRange registry:https://registry.npmjs.org/typescript not in flight; fetching
95 silly cache add args [ 'angular2@2.0.0-beta.0', null ]
96 verbose cache add spec angular2@2.0.0-beta.0
97 silly cache add parsed spec Result {
97 silly cache add   raw: 'angular2@2.0.0-beta.0',
97 silly cache add   scope: null,
97 silly cache add   name: 'angular2',
97 silly cache add   rawSpec: '2.0.0-beta.0',
97 silly cache add   spec: '2.0.0-beta.0',
97 silly cache add   type: 'version' }
98 silly addNamed angular2@2.0.0-beta.0
99 verbose addNamed "2.0.0-beta.0" is a plain semver version for angular2
100 silly mapToRegistry name angular2
101 silly mapToRegistry using default registry
102 silly mapToRegistry registry https://registry.npmjs.org/
103 silly mapToRegistry uri https://registry.npmjs.org/angular2
104 verbose addNameVersion registry:https://registry.npmjs.org/angular2 not in flight; fetching
105 silly cache add args [ 'systemjs@0.19.6', null ]
106 verbose cache add spec systemjs@0.19.6
107 silly cache add parsed spec Result {
107 silly cache add   raw: 'systemjs@0.19.6',
107 silly cache add   scope: null,
107 silly cache add   name: 'systemjs',
107 silly cache add   rawSpec: '0.19.6',
107 silly cache add   spec: '0.19.6',
107 silly cache add   type: 'version' }
108 silly addNamed systemjs@0.19.6
109 verbose addNamed "0.19.6" is a plain semver version for systemjs
110 silly mapToRegistry name systemjs
111 silly mapToRegistry using default registry
112 silly mapToRegistry registry https://registry.npmjs.org/
113 silly mapToRegistry uri https://registry.npmjs.org/systemjs
114 verbose addNameVersion registry:https://registry.npmjs.org/systemjs not in flight; fetching
115 verbose request uri https://registry.npmjs.org/reflect-metadata
116 verbose request no auth needed
117 info attempt registry request try #1 at 10:26:42
118 verbose request using bearer token for auth
119 verbose request id 8bd61c38e5235718
120 verbose etag "ENSXU0FT3Q91SNB8EJJEZXILY"
121 http request GET https://registry.npmjs.org/reflect-metadata
122 verbose request uri https://registry.npmjs.org/es6-shim
123 verbose request no auth needed
124 info attempt registry request try #1 at 10:26:42
125 verbose request using bearer token for auth
126 verbose etag "EKETEMC33R0ASMVP8SUPD2D9S"
127 http request GET https://registry.npmjs.org/es6-shim
128 verbose request uri https://registry.npmjs.org/concurrently
129 verbose request no auth needed
130 info attempt registry request try #1 at 10:26:42
131 verbose request using bearer token for auth
132 verbose etag "8WU45RDYELEWXAX1ICBH9ETN4"
133 http request GET https://registry.npmjs.org/concurrently
134 verbose request uri https://registry.npmjs.org/es6-promise
135 verbose request no auth needed
136 info attempt registry request try #1 at 10:26:42
137 verbose request using bearer token for auth
138 verbose etag "5X3RR49F1H0IC7CIOPCSDYADS"
139 http request GET https://registry.npmjs.org/es6-promise
140 verbose request uri https://registry.npmjs.org/rxjs
141 verbose request no auth needed
142 info attempt registry request try #1 at 10:26:42
143 verbose request using bearer token for auth
144 verbose etag "4UWJZPAT40XJYJ7VDUDBN87I4"
145 http request GET https://registry.npmjs.org/rxjs
146 verbose request uri https://registry.npmjs.org/angular2
147 verbose request no auth needed
148 info attempt registry request try #1 at 10:26:42
149 verbose request using bearer token for auth
150 verbose etag "16UBTLLN2CU71DJ0WHXPLG1OU"
151 http request GET https://registry.npmjs.org/angular2
152 verbose request uri https://registry.npmjs.org/zone.js
153 verbose request no auth needed
154 info attempt registry request try #1 at 10:26:42
155 verbose request using bearer token for auth
156 verbose etag "270H0H9HHUBCB2FHBXB203HXU"
157 http request GET https://registry.npmjs.org/zone.js
158 verbose request uri https://registry.npmjs.org/lite-server
159 verbose request no auth needed
160 info attempt registry request try #1 at 10:26:42
161 verbose request using bearer token for auth
162 verbose etag "H02BH36H2BOLLL74XSHDVJ0B"
163 http request GET https://registry.npmjs.org/lite-server
164 verbose request uri https://registry.npmjs.org/typescript
165 verbose request no auth needed
166 info attempt registry request try #1 at 10:26:42
167 verbose request using bearer token for auth
168 verbose etag "CCFTU4VNBDUTELOUWDVQ1PPUL"
169 http request GET https://registry.npmjs.org/typescript
170 verbose request uri https://registry.npmjs.org/systemjs
171 verbose request no auth needed
172 info attempt registry request try #1 at 10:26:42
173 verbose request using bearer token for auth
174 verbose etag "7ZO9U54FL7SM2Y9UPPTKGFCPO"
175 http request GET https://registry.npmjs.org/systemjs
176 info retry will retry, error on last attempt: Error: read ECONNRESET
177 http 304 https://registry.npmjs.org/zone.js
178 verbose headers { 'cache-control': 'max-age=300',
178 verbose headers   'accept-ranges': 'bytes',
178 verbose headers   date: 'Sat, 26 Dec 2015 02:26:55 GMT',
178 verbose headers   via: '1.1 varnish',
178 verbose headers   connection: 'keep-alive',
178 verbose headers   'x-served-by': 'cache-lcy1134-LCY',
178 verbose headers   'x-cache': 'MISS',
178 verbose headers   'x-cache-hits': '0',
178 verbose headers   'x-timer': 'S1451096814.996948,VS0,VE107' }
179 silly get cb [ 304,
179 silly get   { 'cache-control': 'max-age=300',
179 silly get     'accept-ranges': 'bytes',
179 silly get     date: 'Sat, 26 Dec 2015 02:26:55 GMT',
179 silly get     via: '1.1 varnish',
179 silly get     connection: 'keep-alive',
179 silly get     'x-served-by': 'cache-lcy1134-LCY',
179 silly get     'x-cache': 'MISS',
179 silly get     'x-cache-hits': '0',
179 silly get     'x-timer': 'S1451096814.996948,VS0,VE107' } ]
180 verbose etag https://registry.npmjs.org/zone.js from cache
181 verbose get saving zone.js to C:\Program Files\nodejs\node_cache\registry.npmjs.org\zone.js\.cache.json
182 http 304 https://registry.npmjs.org/reflect-metadata
183 verbose headers { 'cache-control': 'max-age=300',
183 verbose headers   'accept-ranges': 'bytes',
183 verbose headers   date: 'Sat, 26 Dec 2015 02:26:55 GMT',
183 verbose headers   via: '1.1 varnish',
183 verbose headers   connection: 'keep-alive',
183 verbose headers   'x-served-by': 'cache-lcy1121-LCY',
183 verbose headers   'x-cache': 'MISS',
183 verbose headers   'x-cache-hits': '0',
183 verbose headers   'x-timer': 'S1451096814.972075,VS0,VE154' }
184 silly get cb [ 304,
184 silly get   { 'cache-control': 'max-age=300',
184 silly get     'accept-ranges': 'bytes',
184 silly get     date: 'Sat, 26 Dec 2015 02:26:55 GMT',
184 silly get     via: '1.1 varnish',
184 silly get     connection: 'keep-alive',
184 silly get     'x-served-by': 'cache-lcy1121-LCY',
184 silly get     'x-cache': 'MISS',
184 silly get     'x-cache-hits': '0',
184 silly get     'x-timer': 'S1451096814.972075,VS0,VE154' } ]
185 verbose etag https://registry.npmjs.org/reflect-metadata from cache
186 verbose get saving reflect-metadata to C:\Program Files\nodejs\node_cache\registry.npmjs.org\reflect-metadata\.cache.json
187 http 304 https://registry.npmjs.org/rxjs
188 verbose headers { 'cache-control': 'max-age=300',
188 verbose headers   'accept-ranges': 'bytes',
188 verbose headers   date: 'Sat, 26 Dec 2015 02:26:55 GMT',
188 verbose headers   via: '1.1 varnish',
188 verbose headers   connection: 'keep-alive',
188 verbose headers   'x-served-by': 'cache-lcy1135-LCY',
188 verbose headers   'x-cache': 'MISS',
188 verbose headers   'x-cache-hits': '0',
188 verbose headers   'x-timer': 'S1451096814.992772,VS0,VE165' }
189 silly get cb [ 304,
189 silly get   { 'cache-control': 'max-age=300',
189 silly get     'accept-ranges': 'bytes',
189 silly get     date: 'Sat, 26 Dec 2015 02:26:55 GMT',
189 silly get     via: '1.1 varnish',
189 silly get     connection: 'keep-alive',
189 silly get     'x-served-by': 'cache-lcy1135-LCY',
189 silly get     'x-cache': 'MISS',
189 silly get     'x-cache-hits': '0',
189 silly get     'x-timer': 'S1451096814.992772,VS0,VE165' } ]
190 verbose etag https://registry.npmjs.org/rxjs from cache
191 verbose get saving rxjs to C:\Program Files\nodejs\node_cache\registry.npmjs.org\rxjs\.cache.json
192 silly cache afterAdd zone.js@0.5.10
193 verbose afterAdd C:\Program Files\nodejs\node_cache\zone.js\0.5.10\package\package.json not in flight; writing
194 verbose afterAdd C:\Program Files\nodejs\node_cache\zone.js\0.5.10\package\package.json written
195 silly cache afterAdd rxjs@5.0.0-beta.0
196 verbose afterAdd C:\Program Files\nodejs\node_cache\rxjs\5.0.0-beta.0\package\package.json not in flight; writing
197 silly cache afterAdd reflect-metadata@0.1.2
198 verbose afterAdd C:\Program Files\nodejs\node_cache\reflect-metadata\0.1.2\package\package.json not in flight; writing
199 verbose afterAdd C:\Program Files\nodejs\node_cache\rxjs\5.0.0-beta.0\package\package.json written
200 verbose afterAdd C:\Program Files\nodejs\node_cache\reflect-metadata\0.1.2\package\package.json written
201 http 304 https://registry.npmjs.org/angular2
202 verbose headers { 'cache-control': 'max-age=300',
202 verbose headers   'accept-ranges': 'bytes',
202 verbose headers   date: 'Sat, 26 Dec 2015 02:26:55 GMT',
202 verbose headers   via: '1.1 varnish',
202 verbose headers   connection: 'keep-alive',
202 verbose headers   'x-served-by': 'cache-lcy1126-LCY',
202 verbose headers   'x-cache': 'MISS',
202 verbose headers   'x-cache-hits': '0',
202 verbose headers   'x-timer': 'S1451096814.971726,VS0,VE348' }
203 silly get cb [ 304,
203 silly get   { 'cache-control': 'max-age=300',
203 silly get     'accept-ranges': 'bytes',
203 silly get     date: 'Sat, 26 Dec 2015 02:26:55 GMT',
203 silly get     via: '1.1 varnish',
203 silly get     connection: 'keep-alive',
203 silly get     'x-served-by': 'cache-lcy1126-LCY',
203 silly get     'x-cache': 'MISS',
203 silly get     'x-cache-hits': '0',
203 silly get     'x-timer': 'S1451096814.971726,VS0,VE348' } ]
204 verbose etag https://registry.npmjs.org/angular2 from cache
205 verbose get saving angular2 to C:\Program Files\nodejs\node_cache\registry.npmjs.org\angular2\.cache.json
206 http 304 https://registry.npmjs.org/systemjs
207 verbose headers { 'cache-control': 'max-age=300',
207 verbose headers   'accept-ranges': 'bytes',
207 verbose headers   date: 'Sat, 26 Dec 2015 02:26:55 GMT',
207 verbose headers   via: '1.1 varnish',
207 verbose headers   connection: 'keep-alive',
207 verbose headers   'x-served-by': 'cache-lcy1125-LCY',
207 verbose headers   'x-cache': 'MISS',
207 verbose headers   'x-cache-hits': '0',
207 verbose headers   'x-timer': 'S1451096814.979609,VS0,VE342' }
208 silly get cb [ 304,
208 silly get   { 'cache-control': 'max-age=300',
208 silly get     'accept-ranges': 'bytes',
208 silly get     date: 'Sat, 26 Dec 2015 02:26:55 GMT',
208 silly get     via: '1.1 varnish',
208 silly get     connection: 'keep-alive',
208 silly get     'x-served-by': 'cache-lcy1125-LCY',
208 silly get     'x-cache': 'MISS',
208 silly get     'x-cache-hits': '0',
208 silly get     'x-timer': 'S1451096814.979609,VS0,VE342' } ]
209 verbose etag https://registry.npmjs.org/systemjs from cache
210 verbose get saving systemjs to C:\Program Files\nodejs\node_cache\registry.npmjs.org\systemjs\.cache.json
211 silly mapToRegistry name angular2
212 silly mapToRegistry using default registry
213 silly mapToRegistry registry https://registry.npmjs.org/
214 silly mapToRegistry uri https://registry.npmjs.org/angular2
215 verbose addRemoteTarball https://registry.npmjs.org/angular2/-/angular2-2.0.0-beta.0.tgz not in flight; adding
216 verbose addRemoteTarball [ 'https://registry.npmjs.org/angular2/-/angular2-2.0.0-beta.0.tgz',
216 verbose addRemoteTarball   '97413fabc1eaf1547a081ba3ad4c61732db54837' ]
217 info retry fetch attempt 1 at 10:26:45
218 info attempt registry request try #1 at 10:26:45
219 http fetch GET https://registry.npmjs.org/angular2/-/angular2-2.0.0-beta.0.tgz
220 verbose request using bearer token for auth
221 silly cache afterAdd systemjs@0.19.6
222 verbose afterAdd C:\Program Files\nodejs\node_cache\systemjs\0.19.6\package\package.json not in flight; writing
223 verbose afterAdd C:\Program Files\nodejs\node_cache\systemjs\0.19.6\package\package.json written
224 http 304 https://registry.npmjs.org/concurrently
225 verbose headers { 'cache-control': 'max-age=300',
225 verbose headers   'accept-ranges': 'bytes',
225 verbose headers   date: 'Sat, 26 Dec 2015 02:26:55 GMT',
225 verbose headers   via: '1.1 varnish',
225 verbose headers   connection: 'keep-alive',
225 verbose headers   'x-served-by': 'cache-lcy1124-LCY',
225 verbose headers   'x-cache': 'MISS',
225 verbose headers   'x-cache-hits': '0',
225 verbose headers   'x-timer': 'S1451096814.990196,VS0,VE664' }
226 silly get cb [ 304,
226 silly get   { 'cache-control': 'max-age=300',
226 silly get     'accept-ranges': 'bytes',
226 silly get     date: 'Sat, 26 Dec 2015 02:26:55 GMT',
226 silly get     via: '1.1 varnish',
226 silly get     connection: 'keep-alive',
226 silly get     'x-served-by': 'cache-lcy1124-LCY',
226 silly get     'x-cache': 'MISS',
226 silly get     'x-cache-hits': '0',
226 silly get     'x-timer': 'S1451096814.990196,VS0,VE664' } ]
227 verbose etag https://registry.npmjs.org/concurrently from cache
228 verbose get saving concurrently to C:\Program Files\nodejs\node_cache\registry.npmjs.org\concurrently\.cache.json
229 silly addNameRange number 2 { name: 'concurrently', range: '>=1.0.0 <2.0.0', hasData: true }
230 silly addNameRange versions [ 'concurrently',
230 silly addNameRange   [ '0.0.2', '0.0.3', '0.0.4', '0.0.5', '0.1.0', '0.1.1', '1.0.0' ] ]
231 silly addNamed concurrently@1.0.0
232 verbose addNamed "1.0.0" is a plain semver version for concurrently
233 silly cache afterAdd concurrently@1.0.0
234 verbose afterAdd C:\Program Files\nodejs\node_cache\concurrently\1.0.0\package\package.json not in flight; writing
235 verbose afterAdd C:\Program Files\nodejs\node_cache\concurrently\1.0.0\package\package.json written
236 http 200 https://registry.npmjs.org/es6-promise
237 verbose headers { server: 'CouchDB/1.5.0 (Erlang OTP/R16B03)',
237 verbose headers   etag: '"75NMVNXXU3PIPPO9V5X214GV5"',
237 verbose headers   'content-type': 'application/json',
237 verbose headers   'cache-control': 'max-age=300',
237 verbose headers   'content-length': '28577',
237 verbose headers   'accept-ranges': 'bytes',
237 verbose headers   date: 'Sat, 26 Dec 2015 02:26:55 GMT',
237 verbose headers   via: '1.1 varnish',
237 verbose headers   connection: 'keep-alive',
237 verbose headers   'x-served-by': 'cache-lcy1128-LCY',
237 verbose headers   'x-cache': 'MISS',
237 verbose headers   'x-cache-hits': '0',
237 verbose headers   'x-timer': 'S1451096814.992801,VS0,VE184',
237 verbose headers   vary: 'Accept' }
238 silly get cb [ 200,
238 silly get   { server: 'CouchDB/1.5.0 (Erlang OTP/R16B03)',
238 silly get     etag: '"75NMVNXXU3PIPPO9V5X214GV5"',
238 silly get     'content-type': 'application/json',
238 silly get     'cache-control': 'max-age=300',
238 silly get     'content-length': '28577',
238 silly get     'accept-ranges': 'bytes',
238 silly get     date: 'Sat, 26 Dec 2015 02:26:55 GMT',
238 silly get     via: '1.1 varnish',
238 silly get     connection: 'keep-alive',
238 silly get     'x-served-by': 'cache-lcy1128-LCY',
238 silly get     'x-cache': 'MISS',
238 silly get     'x-cache-hits': '0',
238 silly get     'x-timer': 'S1451096814.992801,VS0,VE184',
238 silly get     vary: 'Accept' } ]
239 verbose get saving es6-promise to C:\Program Files\nodejs\node_cache\registry.npmjs.org\es6-promise\.cache.json
240 silly addNameRange number 2 { name: 'es6-promise', range: '>=3.0.2 <4.0.0', hasData: true }
241 silly addNameRange versions [ 'es6-promise',
241 silly addNameRange   [ '0.1.0',
241 silly addNameRange     '0.1.1',
241 silly addNameRange     '0.1.2',
241 silly addNameRange     '1.0.0',
241 silly addNameRange     '2.0.0',
241 silly addNameRange     '2.0.1',
241 silly addNameRange     '2.1.0',
241 silly addNameRange     '2.1.1',
241 silly addNameRange     '2.2.0',
241 silly addNameRange     '2.3.0',
241 silly addNameRange     '3.0.0',
241 silly addNameRange     '3.0.1',
241 silly addNameRange     '3.0.2' ] ]
242 silly addNamed es6-promise@3.0.2
243 verbose addNamed "3.0.2" is a plain semver version for es6-promise
244 http 304 https://registry.npmjs.org/es6-shim
245 verbose headers { 'cache-control': 'max-age=300',
245 verbose headers   'accept-ranges': 'bytes',
245 verbose headers   date: 'Sat, 26 Dec 2015 02:26:55 GMT',
245 verbose headers   via: '1.1 varnish',
245 verbose headers   connection: 'keep-alive',
245 verbose headers   'x-served-by': 'cache-lcy1128-LCY',
245 verbose headers   'x-cache': 'MISS',
245 verbose headers   'x-cache-hits': '0',
245 verbose headers   'x-timer': 'S1451096814.972857,VS0,VE182' }
246 silly get cb [ 304,
246 silly get   { 'cache-control': 'max-age=300',
246 silly get     'accept-ranges': 'bytes',
246 silly get     date: 'Sat, 26 Dec 2015 02:26:55 GMT',
246 silly get     via: '1.1 varnish',
246 silly get     connection: 'keep-alive',
246 silly get     'x-served-by': 'cache-lcy1128-LCY',
246 silly get     'x-cache': 'MISS',
246 silly get     'x-cache-hits': '0',
246 silly get     'x-timer': 'S1451096814.972857,VS0,VE182' } ]
247 verbose etag https://registry.npmjs.org/es6-shim from cache
248 verbose get saving es6-shim to C:\Program Files\nodejs\node_cache\registry.npmjs.org\es6-shim\.cache.json
249 silly cache afterAdd es6-promise@3.0.2
250 verbose afterAdd C:\Program Files\nodejs\node_cache\es6-promise\3.0.2\package\package.json not in flight; writing
251 silly addNameRange number 2 { name: 'es6-shim', range: '>=0.33.3 <0.34.0', hasData: true }
252 silly addNameRange versions [ 'es6-shim',
252 silly addNameRange   [ '0.1.0',
252 silly addNameRange     '0.2.0',
252 silly addNameRange     '0.2.1',
252 silly addNameRange     '0.3.0',
252 silly addNameRange     '0.3.1',
252 silly addNameRange     '0.4.0',
252 silly addNameRange     '0.4.1',
252 silly addNameRange     '0.5.0',
252 silly addNameRange     '0.5.1',
252 silly addNameRange     '0.5.2',
252 silly addNameRange     '0.5.3',
252 silly addNameRange     '0.6.0',
252 silly addNameRange     '0.7.0',
252 silly addNameRange     '0.8.0',
252 silly addNameRange     '0.9.0',
252 silly addNameRange     '0.9.1',
252 silly addNameRange     '0.9.2',
252 silly addNameRange     '0.9.3',
252 silly addNameRange     '0.10.0',
252 silly addNameRange     '0.10.1',
252 silly addNameRange     '0.11.0',
252 silly addNameRange     '0.11.1',
252 silly addNameRange     '0.12.0',
252 silly addNameRange     '0.13.0',
252 silly addNameRange     '0.14.0',
252 silly addNameRange     '0.15.0',
252 silly addNameRange     '0.15.1',
252 silly addNameRange     '0.16.0',
252 silly addNameRange     '0.17.0',
252 silly addNameRange     '0.18.0',
252 silly addNameRange     '0.19.0',
252 silly addNameRange     '0.19.1',
252 silly addNameRange     '0.19.2',
252 silly addNameRange     '0.20.0',
252 silly addNameRange     '0.20.1',
252 silly addNameRange     '0.20.2',
252 silly addNameRange     '0.20.3',
252 silly addNameRange     '0.20.4',
252 silly addNameRange     '0.21.0',
252 silly addNameRange     '0.21.1',
252 silly addNameRange     '0.22.0',
252 silly addNameRange     '0.22.1',
252 silly addNameRange     '0.22.2',
252 silly addNameRange     '0.23.0',
252 silly addNameRange     '0.24.0',
252 silly addNameRange     '0.25.0',
252 silly addNameRange     '0.25.1',
252 silly addNameRange     '0.25.2',
252 silly addNameRange     '0.25.3',
252 silly addNameRange     '0.26.0',
252 silly addNameRange     '0.26.1',
252 silly addNameRange     '0.27.1',
252 silly addNameRange     '0.28.1',
252 silly addNameRange     '0.29.0',
252 silly addNameRange     '0.30.0',
252 silly addNameRange     '0.31.0',
252 silly addNameRange     '0.31.1',
252 silly addNameRange     '0.31.2',
252 silly addNameRange     '0.31.3',
252 silly addNameRange     '0.32.0',
252 silly addNameRange     '0.32.1',
252 silly addNameRange     '0.32.2',
252 silly addNameRange     '0.33.0',
252 silly addNameRange     '0.33.1',
252 silly addNameRange     '0.33.2',
252 silly addNameRange     '0.33.3',
252 silly addNameRange     '0.33.4',
252 silly addNameRange     '0.33.5',
252 silly addNameRange     '0.33.6',
252 silly addNameRange     '0.33.7',
252 silly addNameRange     '0.33.8',
252 silly addNameRange     '0.33.9',
252 silly addNameRange     '0.33.10',
252 silly addNameRange     '0.33.11',
252 silly addNameRange     '0.33.12',
252 silly addNameRange     '0.33.13',
252 silly addNameRange     '0.34.0' ] ]
253 silly addNamed es6-shim@0.33.13
254 verbose addNamed "0.33.13" is a plain semver version for es6-shim
255 verbose afterAdd C:\Program Files\nodejs\node_cache\es6-promise\3.0.2\package\package.json written
256 silly cache afterAdd es6-shim@0.33.13
257 verbose afterAdd C:\Program Files\nodejs\node_cache\es6-shim\0.33.13\package\package.json not in flight; writing
258 verbose afterAdd C:\Program Files\nodejs\node_cache\es6-shim\0.33.13\package\package.json written
259 http fetch 200 https://registry.npmjs.org/angular2/-/angular2-2.0.0-beta.0.tgz
260 info attempt registry request try #2 at 10:26:54
261 verbose request using bearer token for auth
262 verbose etag "H02BH36H2BOLLL74XSHDVJ0B"
263 http request GET https://registry.npmjs.org/lite-server
264 http 200 https://registry.npmjs.org/lite-server
265 verbose headers { server: 'CouchDB/1.5.0 (Erlang OTP/R16B03)',
265 verbose headers   etag: '"AOL26AXQFP6IUXBZMCB512GHK"',
265 verbose headers   'content-type': 'application/json',
265 verbose headers   'cache-control': 'max-age=300',
265 verbose headers   'content-length': '11231',
265 verbose headers   'accept-ranges': 'bytes',
265 verbose headers   date: 'Sat, 26 Dec 2015 02:27:05 GMT',
265 verbose headers   via: '1.1 varnish',
265 verbose headers   connection: 'keep-alive',
265 verbose headers   'x-served-by': 'cache-lcy1125-LCY',
265 verbose headers   'x-cache': 'MISS',
265 verbose headers   'x-cache-hits': '0',
265 verbose headers   'x-timer': 'S1451096825.288535,VS0,VE105',
265 verbose headers   vary: 'Accept' }
266 silly get cb [ 200,
266 silly get   { server: 'CouchDB/1.5.0 (Erlang OTP/R16B03)',
266 silly get     etag: '"AOL26AXQFP6IUXBZMCB512GHK"',
266 silly get     'content-type': 'application/json',
266 silly get     'cache-control': 'max-age=300',
266 silly get     'content-length': '11231',
266 silly get     'accept-ranges': 'bytes',
266 silly get     date: 'Sat, 26 Dec 2015 02:27:05 GMT',
266 silly get     via: '1.1 varnish',
266 silly get     connection: 'keep-alive',
266 silly get     'x-served-by': 'cache-lcy1125-LCY',
266 silly get     'x-cache': 'MISS',
266 silly get     'x-cache-hits': '0',
266 silly get     'x-timer': 'S1451096825.288535,VS0,VE105',
266 silly get     vary: 'Accept' } ]
267 verbose get saving lite-server to C:\Program Files\nodejs\node_cache\registry.npmjs.org\lite-server\.cache.json
268 silly addNameRange number 2 { name: 'lite-server', range: '>=1.3.1 <2.0.0', hasData: true }
269 silly addNameRange versions [ 'lite-server',
269 silly addNameRange   [ '1.0.0', '1.0.1', '1.0.3', '1.1.0', '1.2.0', '1.3.0', '1.3.1' ] ]
270 silly addNamed lite-server@1.3.1
271 verbose addNamed "1.3.1" is a plain semver version for lite-server
272 silly cache afterAdd lite-server@1.3.1
273 verbose afterAdd C:\Program Files\nodejs\node_cache\lite-server\1.3.1\package\package.json not in flight; writing
274 verbose afterAdd C:\Program Files\nodejs\node_cache\lite-server\1.3.1\package\package.json written
275 http 200 https://registry.npmjs.org/typescript
276 verbose headers { server: 'CouchDB/1.5.0 (Erlang OTP/R16B03)',
276 verbose headers   etag: '"930855J3KBLPSU2XCXVJNNYSB"',
276 verbose headers   'content-type': 'application/json',
276 verbose headers   'cache-control': 'max-age=300',
276 verbose headers   'content-length': '268319',
276 verbose headers   'accept-ranges': 'bytes',
276 verbose headers   date: 'Sat, 26 Dec 2015 02:26:55 GMT',
276 verbose headers   via: '1.1 varnish',
276 verbose headers   connection: 'keep-alive',
276 verbose headers   'x-served-by': 'cache-lcy1124-LCY',
276 verbose headers   'x-cache': 'MISS',
276 verbose headers   'x-cache-hits': '0',
276 verbose headers   'x-timer': 'S1451096814.989234,VS0,VE387',
276 verbose headers   vary: 'Accept' }
277 silly get cb [ 200,
277 silly get   { server: 'CouchDB/1.5.0 (Erlang OTP/R16B03)',
277 silly get     etag: '"930855J3KBLPSU2XCXVJNNYSB"',
277 silly get     'content-type': 'application/json',
277 silly get     'cache-control': 'max-age=300',
277 silly get     'content-length': '268319',
277 silly get     'accept-ranges': 'bytes',
277 silly get     date: 'Sat, 26 Dec 2015 02:26:55 GMT',
277 silly get     via: '1.1 varnish',
277 silly get     connection: 'keep-alive',
277 silly get     'x-served-by': 'cache-lcy1124-LCY',
277 silly get     'x-cache': 'MISS',
277 silly get     'x-cache-hits': '0',
277 silly get     'x-timer': 'S1451096814.989234,VS0,VE387',
277 silly get     vary: 'Accept' } ]
278 verbose get saving typescript to C:\Program Files\nodejs\node_cache\registry.npmjs.org\typescript\.cache.json
279 silly addNameRange number 2 { name: 'typescript', range: '>=1.7.3 <2.0.0', hasData: true }
280 silly addNameRange versions [ 'typescript',
280 silly addNameRange   [ '0.8.0',
280 silly addNameRange     '0.8.1',
280 silly addNameRange     '0.8.1-1',
280 silly addNameRange     '0.8.2',
280 silly addNameRange     '0.8.3',
280 silly addNameRange     '0.9.0',
280 silly addNameRange     '0.9.0-1',
280 silly addNameRange     '0.9.1',
280 silly addNameRange     '0.9.1-1',
280 silly addNameRange     '0.9.5',
280 silly addNameRange     '0.9.7',
280 silly addNameRange     '1.0.0',
280 silly addNameRange     '1.0.1',
280 silly addNameRange     '1.1.0-1',
280 silly addNameRange     '1.3.0',
280 silly addNameRange     '1.4.1',
280 silly addNameRange     '1.5.0-alpha',
280 silly addNameRange     '1.5.0-beta',
280 silly addNameRange     '1.5.3',
280 silly addNameRange     '1.6.0-dev.20150722.1',
280 silly addNameRange     '1.6.0-dev.20150723',
280 silly addNameRange     '1.6.0-dev.20150724',
280 silly addNameRange     '1.6.0-dev.20150725',
280 silly addNameRange     '1.6.0-dev.20150726',
280 silly addNameRange     '1.6.0-dev.20150727',
280 silly addNameRange     '1.6.0-dev.20150728',
280 silly addNameRange     '1.6.0-dev.20150729',
280 silly addNameRange     '1.6.0-dev.20150730',
280 silly addNameRange     '1.6.0-dev.20150731',
280 silly addNameRange     '1.6.0-dev.20150801',
280 silly addNameRange     '1.6.0-dev.20150802',
280 silly addNameRange     '1.6.0-dev.20150803',
280 silly addNameRange     '1.6.0-dev.20150804',
280 silly addNameRange     '1.6.0-dev.20150805',
280 silly addNameRange     '1.6.0-dev.20150806',
280 silly addNameRange     '1.6.0-dev.20150807',
280 silly addNameRange     '1.6.0-dev.20150808',
280 silly addNameRange     '1.6.0-dev.20150809',
280 silly addNameRange     '1.6.0-dev.20150810',
280 silly addNameRange     '1.6.0-dev.20150811',
280 silly addNameRange     '1.6.0-dev.20150812',
280 silly addNameRange     '1.6.0-dev.20150813',
280 silly addNameRange     '1.6.0-dev.20150814',
280 silly addNameRange     '1.6.0-dev.20150815',
280 silly addNameRange     '1.6.0-dev.20150816',
280 silly addNameRange     '1.6.0-dev.20150817',
280 silly addNameRange     '1.6.0-dev.20150818',
280 silly addNameRange     '1.6.0-dev.20150819',
280 silly addNameRange     '1.6.0-dev.20150820',
280 silly addNameRange     '1.6.0-dev.20150821',
280 silly addNameRange     '1.6.0-dev.20150822',
280 silly addNameRange     '1.6.0-dev.20150823',
280 silly addNameRange     '1.6.0-dev.20150824',
280 silly addNameRange     '1.6.0-dev.20150825',
280 silly addNameRange     '1.7.0-dev.20150826',
280 silly addNameRange     '1.7.0-dev.20150827',
280 silly addNameRange     '1.7.0-dev.20150828',
280 silly addNameRange     '1.7.0-dev.20150829',
280 silly addNameRange     '1.7.0-dev.20150830',
280 silly addNameRange     '1.7.0-dev.20150831',
280 silly addNameRange     '1.7.0-dev.20150901',
280 silly addNameRange     '1.7.0-dev.20150902',
280 silly addNameRange     '1.6.0-beta',
280 silly addNameRange     '1.7.0-dev.20150903',
280 silly addNameRange     '1.7.0-dev.20150904',
280 silly addNameRange     '1.6.0-dev.20150905',
280 silly addNameRange     '1.6.0-dev.20150906',
280 silly addNameRange     '1.6.0-dev.20150907',
280 silly addNameRange     '1.6.0-dev.20150908',
280 silly addNameRange     '1.6.0-dev.20150909',
280 silly addNameRange     '1.6.0-dev.20150910',
280 silly addNameRange     '1.6.0-dev.20150911',
280 silly addNameRange     '1.6.0-dev.20150912',
280 silly addNameRange     '1.6.0-dev.20150913',
280 silly addNameRange     '1.6.0-dev.20150914',
280 silly addNameRange     '1.6.0-dev.20150915',
280 silly addNameRange     '1.7.0-dev.20150916',
280 silly addNameRange     '1.6.2',
280 silly addNameRange     '1.7.0-dev.20150917',
280 silly addNameRange     '1.7.0-dev.20150918',
280 silly addNameRange     '1.7.0-dev.20150919',
280 silly addNameRange     '1.7.0-dev.20150920',
280 silly addNameRange     '1.7.0-dev.20150921',
280 silly addNameRange     '1.7.0-dev.20150922',
280 silly addNameRange     '1.7.0-dev.20150923',
280 silly addNameRange     '1.7.0-dev.20150924',
280 silly addNameRange     '1.7.0-dev.20150925',
280 silly addNameRange     '1.7.0-dev.20150926',
280 silly addNameRange     '1.7.0-dev.20150927',
280 silly addNameRange     '1.7.0-dev.20150928',
280 silly addNameRange     '1.7.0-dev.20150929',
280 silly addNameRange     '1.7.0-dev.20150930',
280 silly addNameRange     '1.7.0-dev.20151001',
280 silly addNameRange     '1.7.0-dev.20151002',
280 silly addNameRange     '1.7.0-dev.20151003',
280 silly addNameRange     '1.7.0-dev.20151004',
280 silly addNameRange     '1.7.0-dev.20151005',
280 silly addNameRange     '1.7.0-dev.20151006',
280 silly addNameRange     '1.7.0-dev.20151014',
280 silly addNameRange     '1.7.0-dev.20151015',
280 silly addNameRange     '1.7.0-dev.20151016',
280 silly addNameRange     '1.8.0-dev.20151017',
280 silly addNameRange     '1.8.0-dev.20151018',
280 silly addNameRange     '1.8.0-dev.20151019',
280 silly addNameRange     '1.8.0-dev.20151020',
280 silly addNameRange     '1.8.0-dev.20151021',
280 silly addNameRange     '1.8.0-dev.20151022',
280 silly addNameRange     '1.8.0-dev.20151023',
280 silly addNameRange     '1.8.0-dev.20151024',
280 silly addNameRange     '1.8.0-dev.20151025',
280 silly addNameRange     '1.8.0-dev.20151026',
280 silly addNameRange     '1.8.0-dev.20151027',
280 silly addNameRange     '1.8.0-dev.20151028',
280 silly addNameRange     '1.8.0-dev.20151029',
280 silly addNameRange     '1.8.0-dev.20151030',
280 silly addNameRange     '1.8.0-dev.20151031',
280 silly addNameRange     '1.8.0-dev.20151101',
280 silly addNameRange     '1.8.0-dev.20151102',
280 silly addNameRange     '1.8.0-dev.20151103',
280 silly addNameRange     '1.8.0-dev.20151104',
280 silly addNameRange     '1.8.0-dev.20151105',
280 silly addNameRange     '1.8.0-dev.20151106',
280 silly addNameRange     '1.8.0-dev.20151107',
280 silly addNameRange     '1.8.0-dev.20151108',
280 silly addNameRange     '1.8.0-dev.20151109',
280 silly addNameRange     '1.8.0-dev.20151110',
280 silly addNameRange     '1.8.0-dev.20151111',
280 silly addNameRange     '1.8.0-dev.20151112',
280 silly addNameRange     '1.8.0-dev.20151113',
280 silly addNameRange     '1.8.0-dev.20151114',
280 silly addNameRange     '1.8.0-dev.20151115',
280 silly addNameRange     '1.8.0-dev.20151116',
280 silly addNameRange     '1.8.0-dev.20151117',
280 silly addNameRange     '1.8.0-dev.20151118',
280 silly addNameRange     '1.8.0-dev.20151119',
280 silly addNameRange     '1.8.0-dev.20151120',
280 silly addNameRange     '1.8.0-dev.20151121',
280 silly addNameRange     '1.8.0-dev.20151122',
280 silly addNameRange     '1.8.0-dev.20151123',
280 silly addNameRange     '1.8.0-dev.20151124',
280 silly addNameRange     '1.8.0-dev.20151125',
280 silly addNameRange     '1.8.0-dev.20151126',
280 silly addNameRange     '1.8.0-dev.20151127',
280 silly addNameRange     '1.8.0-dev.20151128',
280 silly addNameRange     '1.8.0-dev.20151129',
280 silly addNameRange     '1.8.0-dev.20151130',
280 silly addNameRange     '1.7.3',
280 silly addNameRange     '1.8.0-dev.20151201',
280 silly addNameRange     '1.8.0-dev.20151202',
280 silly addNameRange     '1.8.0-dev.20151203',
280 silly addNameRange     '1.8.0-dev.20151204',
280 silly addNameRange     '1.8.0-dev.20151210',
280 silly addNameRange     '1.8.0-dev.20151211',
280 silly addNameRange     '1.8.0-dev.20151212',
280 silly addNameRange     '1.8.0-dev.20151213',
280 silly addNameRange     '1.8.0-dev.20151214',
280 silly addNameRange     '1.7.5',
280 silly addNameRange     '1.8.0-dev.20151215',
280 silly addNameRange     '1.8.0-dev.20151216',
280 silly addNameRange     '1.8.0-dev.20151217',
280 silly addNameRange     '1.8.0-dev.20151218',
280 silly addNameRange     '1.8.0-dev.20151219',
280 silly addNameRange     '1.8.0-dev.20151220',
280 silly addNameRange     '1.8.0-dev.20151221',
280 silly addNameRange     '1.8.0-dev.20151222',
280 silly addNameRange     '1.8.0-dev.20151223',
280 silly addNameRange     '1.8.0-dev.20151224',
280 silly addNameRange     '1.8.0-dev.20151225' ] ]
281 silly addNamed typescript@1.7.5
282 verbose addNamed "1.7.5" is a plain semver version for typescript
283 silly cache afterAdd typescript@1.7.5
284 verbose afterAdd C:\Program Files\nodejs\node_cache\typescript\1.7.5\package\package.json not in flight; writing
285 verbose afterAdd C:\Program Files\nodejs\node_cache\typescript\1.7.5\package\package.json written
286 silly fetchAndShaCheck shasum 97413fabc1eaf1547a081ba3ad4c61732db54837
287 verbose stack Error: shasum check failed for C:\Users\ADMINI~1\AppData\Local\Temp\npm-6164-01c77553\registry.npmjs.org\angular2\-\angular2-2.0.0-beta.0.tgz
287 verbose stack Expected: 97413fabc1eaf1547a081ba3ad4c61732db54837
287 verbose stack Actual:   aa3f56622cfd93aeca78b67433f5db779c2c2ae4
287 verbose stack From:     https://registry.npmjs.org/angular2/-/angular2-2.0.0-beta.0.tgz
287 verbose stack     at C:\Program Files\nodejs\node_modules\npm\node_modules\sha\index.js:25:8
287 verbose stack     at ReadStream.<anonymous> (C:\Program Files\nodejs\node_modules\npm\node_modules\sha\index.js:72:7)
287 verbose stack     at emitNone (events.js:72:20)
287 verbose stack     at ReadStream.emit (events.js:166:7)
287 verbose stack     at endReadableNT (_stream_readable.js:903:12)
287 verbose stack     at doNTCallback2 (node.js:439:9)
287 verbose stack     at process._tickCallback (node.js:353:17)
288 verbose cwd D:\angular2\ng2-taste
289 error Windows_NT 6.1.7601
290 error argv "C:\\Program Files\\nodejs\\node.exe" "C:\\Program Files\\nodejs\\node_modules\\npm\\bin\\npm-cli.js" "install"
291 error node v4.2.1
292 error npm  v2.14.7
293 error shasum check failed for C:\Users\ADMINI~1\AppData\Local\Temp\npm-6164-01c77553\registry.npmjs.org\angular2\-\angular2-2.0.0-beta.0.tgz
293 error Expected: 97413fabc1eaf1547a081ba3ad4c61732db54837
293 error Actual:   aa3f56622cfd93aeca78b67433f5db779c2c2ae4
293 error From:     https://registry.npmjs.org/angular2/-/angular2-2.0.0-beta.0.tgz
294 error If you need help, you may report this error at:
294 error     <https://github.com/npm/npm/issues>
295 verbose exit [ 1, true ]
